make all --print-data-base --no-builtin-variables --no-builtin-rules --question
# GNU Make 3.81
# Copyright (C) 2006  Free Software Foundation, Inc.
# This is free software; see the source for copying conditions.
# There is NO warranty; not even for MERCHANTABILITY or FITNESS FOR A
# PARTICULAR PURPOSE.

# This program built for i386-apple-darwin11.3.0
 
make: *** No rule to make target `all'.  Stop.


# Make data base, printed on Tue Jun 14 16:27:34 2022

# Variables

# environment
JENV_SHELL = zsh
# automatic
?F = $(notdir $?)
# automatic
<D = $(patsubst %/,%,$(dir $<))
# environment
AWS_SECRET_ACCESS_KEY = dEQLWdmsaQr+ZwzE++N6dYFHKjBleGLYybHE+rLV
# environment
ELECTRON_NO_ATTACH_CONSOLE = 1
 
# environment
PROVIDE_FULLSTACK_ACTION = true
# makefile (from `Makefile', line 6)
service_gui := gui
# environment
VSCODE_LOG_NATIVE = false
# automatic
?D = $(patsubst %/,%,$(dir $?))
# automatic
@D = $(patsubst %/,%,$(dir $@))
# environment
TANZUNET_USER = bmoussaud@vmware.com
# makefile
CURDIR := /Users/benoitmoussaud/Workspace/bmoussaud/micropets-app
# makefile
SHELL = /bin/sh
# environment
DIRHISTORY_SIZE = 30
# environment
VSCODE_NLS_CONFIG = {"locale":"fr","availableLanguages":{"*":"fr"},"_languagePackId":"90c96d63e4230154cb1307da73de84dd.fr","_translationsConfigFile":"/Users/benoitmoussaud/Library/Application Support/Code/clp/90c96d63e4230154cb1307da73de84dd.fr/tcf.json","_cacheRoot":"/Users/benoitmoussaud/Library/Application Support/Code/clp/90c96d63e4230154cb1307da73de84dd.fr","_resolvedLanguagePackCoreLocation":"/Users/benoitmoussaud/Library/Application Support/Code/clp/90c96d63e4230154cb1307da73de84dd.fr/4af164ea3a06f701fe3e89a2bcbb421d2026b68f","_corruptedFile":"/Users/benoitmoussaud/Library/Application Support/Code/clp/90c96d63e4230154cb1307da73de84dd.fr/corrupted.info","_languagePackSupport":true}
# environment
BAT_PAGER = 
# makefile (from `Makefile', line 7)
services := cats dogs fishes  birds pets gui
# environment
_ = /usr/bin/make
# environment
GITHUB_TOKEN = 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
# environment
STARSHIP_SESSION_KEY = 2835214052252372
# automatic
@F = $(notdir $@)
# environment
VSCODE_AMD_ENTRYPOINT = vs/workbench/api/node/extensionHostProcess
# environment
VSCODE_VERBOSE_LOGGING = true
# environment
__CFBundleIdentifier = com.microsoft.VSCode
# makefile (from `Makefile', line 1)
service_cats := cats
# environment
VSCODE_IPC_HOOK_EXTHOST = /var/folders/hf/8pk_3fy92yz2zwggqskmgvy40000gn/T/vscode-ipc-cb57bb52-36c1-4e9a-87a8-d1cc23040707.sock
# environment
AWS_DEFAULT_REGION = eu-west-3
# environment
VSCODE_CWD = /Users/benoitmoussaud/Workspace/bmoussaud/micropets-app
# environment
GOPROXY = https://proxy.golang.org,direct
# environment
PATH = /Users/benoitmoussaud/.jenv/shims:/Users/benoitmoussaud/.jenv/bin:/Users/benoitmoussaud/.jenv/shims:/Users/benoitmoussaud/.jenv/bin:/usr/local/bin:/usr/bin:/bin:/usr/sbin:/sbin:/Applications/VMware Fusion.app/Contents/Public:/Library/Apple/usr/bin:/Users/benoitmoussaud/Workspace/go/bin:/Users/benoitmoussaud/.krew/bin
# environment
LSCOLORS = Gxfxcxdxbxegedabagacad
# environment
GOLANG_EXECUTABLE = go
# makefile (from `Makefile', line 5)
service_pets := pets
# environment
KAPP_NAMESPACE = default
# environment
THREE_SCALE_USER_TOKEN = 207c527cfc2a6b8dcf4fa43ad7a976da
# makefile (from `Makefile', line 2)
service_dogs := dogs
# makefile (from `Makefile', line 1)
MAKEFILE_LIST :=  Makefile
# default
.INCLUDE_DIRS = /usr/local/include
# environment
GOPATH = /Users/benoitmoussaud/Workspace/go
# environment
VSCODE_LOG_STACK = false
# environment
ELECTRON_RUN_AS_NODE = 1
# default
.FEATURES := target-specific order-only second-expansion else-if archives jobserver check-symlink
# environment
UUID = 0e718a1b-9a08-4a55-b6ec-8457f958fa00
# environment
SSH_AUTH_SOCK = /private/tmp/com.apple.launchd.URQNOgn9DT/Listeners
# automatic
%F = $(notdir $%)
# environment
VISUAL = mvim -f
# environment
VSCODE_PIPE_LOGGING = true
# environment
PWD = /Users/benoitmoussaud/Workspace/bmoussaud/micropets-app
# environment
BAT_THEME = 1337
# environment
ORIGINAL_XDG_CURRENT_DESKTOP = undefined
# environment
GOMODCACHE = /Users/benoitmoussaud/Workspace/go/pkg/mod
# environment
HOME = /Users/benoitmoussaud
# makefile (from `Makefile', line 4)
service_birds := birds
# default
MAKEFILEPATH = $(shell /usr/bin/xcode-select -print-path 2>/dev/null || echo /Developer)/Makefiles
# environment
VSCODE_CLI = 1
# environment
VSCODE_CODE_CACHE_PATH = /Users/benoitmoussaud/Library/Application Support/Code/CachedData/4af164ea3a06f701fe3e89a2bcbb421d2026b68f
# environment
LOGNAME = benoitmoussaud
# environment
APPLICATION_INSIGHTS_NO_DIAGNOSTIC_CHANNEL = 1
# environment
TELEMETRY_ID = da597fc3-a32f-4317-985c-d3aa3f0dad50
# environment
ZSH = /Users/benoitmoussaud/.oh-my-zsh
# environment
VSCODE_HANDLES_UNCAUGHT_ERRORS = true
# automatic
^D = $(patsubst %/,%,$(dir $^))
# environment
XPC_FLAGS = 0x0
# environment
COLORTERM = truecolor
# default
MAKE = $(MAKE_COMMAND)
# environment
LC_TERMINAL = iTerm2
# environment
SHLVL = 3
# default
MAKE_VERSION := 3.81
# environment
USER = benoitmoussaud
# makefile
.DEFAULT_GOAL := deploy-kapp
# default
MAKECMDGOALS := all
# environment
TERM_SESSION_ID = w0t3p0:08DC0EAC-A582-4D69-A607-0E5CE6DA8925
# environment
BAT_STYLE = numbers,changes,header
# environment
JENV_LOADED = 1
# environment
VCS_ADMIN_BMOUSSAUD = -ehlXzOi8KyzYH3FjiHeX-hvTNIPy8r5xt0DSb7D68UW3tlkR4FG3HcZA0WaZ2xF
# environment
LESS = -R
# automatic
%D = $(patsubst %/,%,$(dir $%))
# environment
AWS_ACCESS_KEY_ID = AKIAYT2MWI3PK5UWX44N
# default
MAKE_COMMAND := /Library/Developer/CommandLineTools/usr/bin/make
# environment
UTM_SOURCE = vscode
# makefile (from `Makefile', line 3)
service_fishes := fishes
# environment
TERM_PROGRAM = iTerm.app
# default
.VARIABLES := 
# environment
TMPDIR = /var/folders/hf/8pk_3fy92yz2zwggqskmgvy40000gn/T/
# automatic
*F = $(notdir $*)
# environment
VSCODE_IPC_HOOK = /Users/benoitmoussaud/Library/Application Support/Code/1.68.0-main.sock
# makefile
MAKEFLAGS = Rrqp
# environment
MFLAGS = -Rrqp
# automatic
*D = $(patsubst %/,%,$(dir $*))
# environment
TERM_PROGRAM_VERSION = 3.4.15
# environment
XPC_SERVICE_NAME = application.com.microsoft.VSCode.108953620.108953626.E91BDEDB-FFCE-49DB-8964-A3D996EFBAC3
# environment
LC_TERMINAL_VERSION = 3.4.15
# automatic
+D = $(patsubst %/,%,$(dir $+))
# environment
RECOMMENDER_API_URL = https://gw.api.openshift.io//api/v2
# environment
TMC_API_TOKEN = -ehlXzOi8KyzYH3FjiHeX-hvTNIPy8r5xt0DSb7D68UW3tlkR4FG3HcZA0WaZ2xF
# automatic
+F = $(notdir $+)
# environment
ITERM_SESSION_ID = w0t3p0:08DC0EAC-A582-4D69-A607-0E5CE6DA8925
# environment
COLORFGBG = 15;0
# environment
__CF_USER_TEXT_ENCODING = 0x1F5:0x0:0x1
# environment
COMMAND_MODE = unix2003
# default
MAKEFILES := 
# automatic
<F = $(notdir $<)
# environment
ITERM_PROFILE = Default
# environment
PAGER = less
# environment
LC_ALL = C
# automatic
^F = $(notdir $^)
# default
SUFFIXES := 
# environment
TO_TOKEN = df3e4928-3fdc-44b5-80d5-01bcc522f97b
# environment
TANZUNET_PASSWORD = j[YjNv2T@
# environment
AWS_REGION = eu-west-3
# environment
MAKELEVEL := 0
# environment
 
LANG = C
# environment
TERM = xterm-256color
# environment
VSCODE_PID = 67545
# environment
STARSHIP_SHELL = zsh
# variable set hash-table stats:
# Load=115/1024=11%, Rehash=0, Collisions=24/145=17%

# Pattern-specific Variable Values

# No pattern-specific variable values.

# Directories

# . (device 16777225, inode 2401084): 34 files, no impossibilities.

# 34 files, no impossibilities in 1 directories.

# Implicit Rules

# No implicit rules.

# Files

unworkload:
#  Implicit rule search has not been done.
#  Modification time never checked.
#  File has not been updated.
#  commands to execute (from `Makefile', line 64):
	for d in $(services); \
	do                               \
	$(MAKE) --directory=$$d unworkload; \
	done
	

# Not a target:
all:
#  Command-line target.
#  Implicit rule search has been done.
#  File does not exist.
#  File has not been updated.
# variable set hash-table stats:
# Load=0/32=0%, Rehash=0, Collisions=0/0=0%

docker-build:
#  Implicit rule search has not been done.
#  Modification time never checked.
#  File has not been updated.
#  commands to execute (from `Makefile', line 39):
	for d in $(services); \
	do                               \
	$(MAKE) --directory=$$d docker-build; \
	done
	

deploy-kapp:
#  Implicit rule search has not been done.
#  Modification time never checked.
#  File has not been updated.
#  commands to execute (from `Makefile', line 10):
	for d in $(services); \
	do                               \
	$(MAKE) --directory=$$d deploy-kapp; \
	done
	

# Not a target:
.SUFFIXES:
#  Implicit rule search has not been done.
#  Modification time never checked.
#  File has not been updated.

workload:
#  Implicit rule search has not been done.
#  Modification time never checked.
#  File has not been updated.
#  commands to execute (from `Makefile', line 58):
	for d in $(services); \
	do                               \
	$(MAKE) --directory=$$d workload; \
	done
	

# Not a target:
Makefile:
#  Implicit rule search has been done.
#  Last modified 2022-04-28 02:52:56
#  File has been updated.
#  Successfully updated.
# variable set hash-table stats:
# Load=0/32=0%, Rehash=0, Collisions=0/0=0%

undeploy-cnb:
#  Implicit rule search has not been done.
#  Modification time never checked.
#  File has not been updated.
#  commands to execute (from `Makefile', line 33):
	for d in $(services); \
	do                               \
	$(MAKE) --directory=$$d undeploy-cnb; \
	done
	

undeliverable:
#  Implicit rule search has not been done.
#  Modification time never checked.
#  File has not been updated.
#  commands to execute (from `Makefile', line 77):
	for d in $(services); \
	do                               \
	$(MAKE) --directory=$$d undeliverable; \
	done
	

cnb-image:
#  Implicit rule search has not been done.
#  Modification time never checked.
#  File has not been updated.
#  commands to execute (from `Makefile', line 21):
	for d in $(services); \
	do                               \
	$(MAKE) --directory=$$d cnb-image; \
	done
	

# Not a target:
.DEFAULT:
#  Implicit rule search has not been done.
#  Modification time never checked.
#  File has not been updated.

deploy-cnb:
#  Implicit rule search has not been done.
#  Modification time never checked.
#  File has not been updated.
#  commands to execute (from `Makefile', line 27):
	for d in $(services); \
	do                               \
	$(MAKE) --directory=$$d deploy-cnb; \
	done
	

kill-front-services:
#  Implicit rule search has not been done.
#  Modification time never checked.
#  File has not been updated.
#  commands to execute (from `Makefile', line 93):
	kubectx  aws-front
	kubectl delete svc cats-service -n micropet-test
	kubectl delete svc dogs-service -n micropet-test
	kubectl delete svc fishes-service -n micropet-test
	kubectl delete deployment front-cats-app -n micropet-test
	kubectl delete deployment front-dogs-app -n micropet-test
	kubectl delete deployment front-fishes-app -n micropet-test
	

k8s-deploy:
#  Implicit rule search has not been done.
#  Modification time never checked.
#  File has not been updated.
#  commands to execute (from `Makefile', line 52):
	for d in $(services); \
	do                               \
	$(MAKE) --directory=$$d k8s-deploy; \
	done
	

deploy-front:
#  Implicit rule search has not been done.
#  Modification time never checked.
#  File has not been updated.
#  commands to execute (from `Makefile', line 83):
	kubectx  aws-front
	kustomize build kustomize/aws/front  | kapp -y deploy  -a micropets -f -
	kapp inspect -a micropets
	

undeploy-app:
#  Implicit rule search has not been done.
#  Modification time never checked.
#  File has not been updated.
#  commands to execute (from `Makefile', line 102):
	kapp -y delete -a micropets
	

deliverable:
#  Implicit rule search has not been done.
#  Modification time never checked.
#  File has not been updated.
#  commands to execute (from `Makefile', line 71):
	for d in $(services); \
	do                               \
	$(MAKE) --directory=$$d deliverable; \
	done
	

docker-push:
#  Implicit rule search has not been done.
#  Modification time never checked.
#  File has not been updated.
#  commands to execute (from `Makefile', line 45):
	for d in $(services); \
	do                               \
	$(MAKE) --directory=$$d docker-push; \
	done
	

deploy-back:
#  Implicit rule search has not been done.
#  Modification time never checked.
#  File has not been updated.
#  commands to execute (from `Makefile', line 88):
	kubectx aws-back-admin@aws-back
	kustomize build kustomize/aws/back	  | kapp -y deploy  -a micropets -f -
	kapp inspect -a micropets
	

undeploy-kapp:
#  Implicit rule search has not been done.
#  Modification time never checked.
#  File has not been updated.
#  commands to execute (from `Makefile', line 15):
	for d in $(services); \
	do                               \
	$(MAKE) --directory=$$d undeploy-kapp; \
	done
	

# files hash-table stats:
# Load=20/1024=2%, Rehash=0, Collisions=0/32=0%
# VPATH Search Paths

# No `vpath' search paths.

# No general (`VPATH' variable) search path.

# # of strings in strcache: 1
# # of strcache buffers: 1
# strcache size: total = 4096 / max = 4096 / min = 4096 / avg = 4096
# strcache free: total = 4087 / max = 4087 / min = 4087 / avg = 4087

# Finished Make data base on Tue Jun 14 16:27:34 2022

 
